Checker passed. Start with 2.0 points.
=================================
No block, queen input passes
Passed HW3-tests/no-block-queen-input.txt
Score is now 3.0
=============================================
No block, no knight input passes
Passed HW3-tests/no-block-no-knight-input.txt
Score is now 4.0
=============================================
No block, knight input passes
Passed HW3-tests/no-block-knight-input.txt
Score is now 6.0
=============================================
Test for blocking input passes
Passed HW3-tests/block-input.txt
Score is now 8.0
=============================================
Test for check passes
Passed HW3-tests/no-pawn-check-input.txt
Score is now 10.0
=============================================
Error in output generation. The output file, ./cthota/HW3/my_output.txt, generated by your program has 0 lines
The correct output file has 1 lines
The following line should be present at line 0 of your output. But it is not.
4 2 5 2 illegal


 There should be a test file (it's name is probably my_test.txt). That is the test case that failed.
Final score
10
