Checker passed. Start with 2.0 points.
================================
Queen input passes
Passed HW2-tests/queen-input.txt
Score is now 6.0
=============================================
No knight input passes
Passed HW2-tests/no-knight-input.txt
Score is now 8.0
=============================================
Knight input passes
Passed HW2-tests/knight-input.txt
Score is now 10.0
=============================================
Error in output generation. The output file, ./cthota/HW2/my_output.txt, generated by your program has 0 lines
The correct output file has 1 lines
The following line should be present at line 0 of your output. But it is not.
p n

Final score
10
